2024-10-18T19:52:31.734Z 0: 

----------------------------------------------
2024-10-18T20:01:58.654Z 0: 

----------------------------------------------
2024-10-18T20:01:58.658Z 1: Discord starting: {"releaseChannel":"stable","version":"0.0.71"}, modulepath: /home/astor/.config/discord/0.0.71/modules
2024-10-18T20:02:03.139Z 0: 

----------------------------------------------
2024-10-18T20:02:03.144Z 1: Discord starting: {"releaseChannel":"stable","version":"0.0.71"}, modulepath: /home/astor/.config/discord/0.0.71/modules
2024-10-18T20:19:04.008Z 0: 

----------------------------------------------
2024-10-18T20:19:04.013Z 1: Discord starting: {"releaseChannel":"stable","version":"0.0.71"}, modulepath: /home/astor/.config/discord/0.0.71/modules
2024-10-18T20:28:40.140Z 0: 

----------------------------------------------
2024-10-18T20:28:40.144Z 1: Discord starting: {"releaseChannel":"stable","version":"0.0.71"}, modulepath: /home/astor/.config/discord/0.0.71/modules
2024-10-18T20:49:13.314Z 0: 

----------------------------------------------
2024-10-18T20:49:13.319Z 1: Discord starting: {"releaseChannel":"stable","version":"0.0.71"}, modulepath: /home/astor/.config/discord/0.0.71/modules
2024-10-18T21:02:16.484Z 0: 

----------------------------------------------
2024-10-18T21:02:16.487Z 1: Discord starting: {"releaseChannel":"stable","version":"0.0.71"}, modulepath: /home/astor/.config/discord/0.0.71/modules
2024-10-18T21:02:43.609Z 0: 

----------------------------------------------
2024-10-18T21:02:43.614Z 1: Discord starting: {"releaseChannel":"stable","version":"0.0.71"}, modulepath: /home/astor/.config/discord/0.0.71/modules
2024-10-19T07:15:11.398Z 0: 

----------------------------------------------
2024-10-19T07:15:11.402Z 1: Discord starting: {"releaseChannel":"stable","version":"0.0.71"}, modulepath: /home/astor/.config/discord/0.0.71/modules
2024-10-19T07:15:11.405Z 2: ✅ webContents.created web1 ""
2024-10-19T07:15:11.408Z 3: ✅ window.created win1 "discord"
2024-10-19T07:15:11.601Z 4: ✅ webContents.did-finish-load web1
2024-10-19T07:15:16.998Z 5: ✅ webContents.created web2 ""
2024-10-19T07:15:17.004Z 6: ✅ window.created win2 "Discord"
2024-10-19T07:15:18.856Z 7: ✅ webContents.did-finish-load web2
2024-10-19T07:15:18.957Z 8: window.close win1
2024-10-19T07:15:18.961Z 9: webContents.destroyed web1
2024-10-19T07:15:18.962Z 10: window.closed win1
2024-10-19T07:18:15.300Z 11: window.close win2
2024-10-19T08:22:43.736Z 0: 

----------------------------------------------
2024-10-19T08:22:43.739Z 1: Discord starting: {"releaseChannel":"stable","version":"0.0.71"}, modulepath: /home/astor/.config/discord/0.0.71/modules
2024-10-19T08:31:25.515Z 12: window.close win2
2024-10-19T08:58:54.044Z 0: 

----------------------------------------------
2024-10-19T08:58:54.048Z 1: Discord starting: {"releaseChannel":"stable","version":"0.0.71"}, modulepath: /home/astor/.config/discord/0.0.71/modules
2024-10-19T09:15:17.756Z 13: window.close win2
2024-10-19T09:38:34.907Z 0: 

----------------------------------------------
2024-10-19T09:38:39.067Z 14: window.close win2
2024-10-19T09:40:56.936Z 0: 

----------------------------------------------
2024-10-19T09:42:59.006Z 15: window.close win2
2024-10-19T10:39:53.508Z 0: 

----------------------------------------------
2024-10-19T10:49:56.584Z 0: 

----------------------------------------------
2024-10-19T10:49:56.588Z 1: Discord starting: {"releaseChannel":"stable","version":"0.0.71"}, modulepath: /home/astor/.config/discord/0.0.71/modules
2024-10-19T10:49:59.655Z 0: 

----------------------------------------------
2024-10-19T10:49:59.660Z 1: Discord starting: {"releaseChannel":"stable","version":"0.0.71"}, modulepath: /home/astor/.config/discord/0.0.71/modules
2024-10-19T10:57:44.952Z 16: window.close win2
2024-10-19T11:05:59.316Z 0: 

----------------------------------------------
2024-10-19T11:05:59.321Z 1: Discord starting: {"releaseChannel":"stable","version":"0.0.71"}, modulepath: /home/astor/.config/discord/0.0.71/modules
2024-10-19T11:06:41.425Z 17: window.close win2
2024-10-19T11:47:23.774Z 0: 

----------------------------------------------
2024-10-19T12:28:06.079Z 18: window.close win2
2024-10-19T12:46:00.632Z 0: 

----------------------------------------------
2024-10-19T12:52:09.164Z 19: window.close win2
2024-10-19T13:01:10.267Z 0: 

----------------------------------------------
2024-10-19T13:14:51.656Z 0: 

----------------------------------------------
2024-10-19T13:14:51.659Z 1: Discord starting: {"releaseChannel":"stable","version":"0.0.71"}, modulepath: /home/astor/.config/discord/0.0.71/modules
2024-10-19T13:14:52.416Z 0: 

----------------------------------------------
2024-10-19T13:14:52.419Z 1: Discord starting: {"releaseChannel":"stable","version":"0.0.71"}, modulepath: /home/astor/.config/discord/0.0.71/modules
2024-10-19T13:14:54.413Z 20: window.close win2
2024-10-19T13:15:15.444Z 0: 

----------------------------------------------
2024-10-19T13:15:15.449Z 1: Discord starting: {"releaseChannel":"stable","version":"0.0.71"}, modulepath: /home/astor/.config/discord/0.0.71/modules
2024-10-19T13:20:11.666Z 21: window.close win2
2024-10-19T13:25:05.429Z 0: 

----------------------------------------------
2024-10-19T13:25:10.574Z 22: window.close win2
2024-10-19T13:27:33.099Z 0: 

----------------------------------------------
2024-10-19T13:29:23.480Z 23: window.close win2
2024-10-19T13:30:34.565Z 0: 

----------------------------------------------
2024-10-19T13:30:34.570Z 1: Discord starting: {"releaseChannel":"stable","version":"0.0.71"}, modulepath: /home/astor/.config/discord/0.0.71/modules
2024-10-19T13:34:16.398Z 24: window.close win2
2024-10-19T13:55:12.113Z 0: 

----------------------------------------------
2024-10-19T13:55:15.721Z 25: window.close win2
2024-10-19T14:20:44.247Z 0: 

----------------------------------------------
2024-10-19T14:20:45.514Z 26: window.close win2
2024-10-19T14:32:22.385Z 0: 

----------------------------------------------
2024-10-19T14:32:22.394Z 1: Discord starting: {"releaseChannel":"stable","version":"0.0.71"}, modulepath: /home/astor/.config/discord/0.0.71/modules
2024-10-19T14:33:11.943Z 27: window.close win2
2024-10-19T14:50:12.722Z 0: 

----------------------------------------------
2024-10-19T14:50:12.729Z 1: Discord starting: {"releaseChannel":"stable","version":"0.0.71"}, modulepath: /home/astor/.config/discord/0.0.71/modules
2024-10-19T15:04:20.081Z 0: 

----------------------------------------------
2024-10-19T15:04:20.086Z 1: Discord starting: {"releaseChannel":"stable","version":"0.0.71"}, modulepath: /home/astor/.config/discord/0.0.71/modules
2024-10-19T15:04:26.046Z 28: window.close win2
2024-10-19T15:05:57.797Z 0: 

----------------------------------------------
2024-10-19T15:06:19.180Z 29: window.close win2
2024-10-19T15:08:38.028Z 0: 

----------------------------------------------
2024-10-19T15:14:56.379Z 30: window.close win2
2024-10-19T15:15:21.985Z 0: 

----------------------------------------------
2024-10-19T15:15:21.993Z 1: Discord starting: {"releaseChannel":"stable","version":"0.0.71"}, modulepath: /home/astor/.config/discord/0.0.71/modules
2024-10-19T16:55:22.842Z 31: window.close win2
2024-10-19T18:09:58.421Z 0: 

----------------------------------------------
2024-10-19T18:10:28.370Z 32: window.close win2
2024-10-19T19:02:05.303Z 0: 

----------------------------------------------
2024-10-19T19:02:05.311Z 1: Discord starting: {"releaseChannel":"stable","version":"0.0.71"}, modulepath: /home/astor/.config/discord/0.0.71/modules
2024-10-19T19:02:35.456Z 33: window.close win2
2024-10-19T19:59:45.685Z 0: 

----------------------------------------------
2024-10-19T19:59:45.690Z 1: Discord starting: {"releaseChannel":"stable","version":"0.0.71"}, modulepath: /home/astor/.config/discord/0.0.71/modules
2024-10-19T20:00:32.419Z 34: window.close win2
2024-10-19T20:00:50.061Z 35: before-quit
2024-10-19T20:00:50.063Z 36: window.close win2
2024-10-19T20:02:09.522Z 0: 

----------------------------------------------
2024-10-19T20:02:09.547Z 1: Discord starting: {"releaseChannel":"stable","version":"0.0.71"}, modulepath: /home/astor/.config/discord/0.0.71/modules
2024-10-19T20:02:09.550Z 2: ✅ webContents.created web1 ""
2024-10-19T20:02:09.552Z 3: ✅ window.created win1 "discord"
2024-10-19T20:02:09.699Z 4: ✅ webContents.did-finish-load web1
2024-10-19T20:02:09.957Z 5: ✅ webContents.created web2 ""
2024-10-19T20:02:09.961Z 6: ✅ window.created win2 "Discord"
2024-10-19T20:02:11.844Z 7: ✅ webContents.did-finish-load web2
2024-10-19T20:02:11.944Z 8: window.close win1
2024-10-19T20:02:11.948Z 9: webContents.destroyed web1
2024-10-19T20:02:11.949Z 10: window.closed win1
2024-10-19T20:02:12.495Z 11: window.close win2
2024-10-19T20:03:04.759Z 12: before-quit
2024-10-19T20:06:24.167Z 0: 

----------------------------------------------
2024-10-19T20:06:24.195Z 1: Discord starting: {"releaseChannel":"stable","version":"0.0.71"}, modulepath: /home/astor/.config/discord/0.0.71/modules
2024-10-19T20:06:24.198Z 2: ✅ webContents.created web1 ""
2024-10-19T20:06:24.200Z 3: ✅ window.created win1 "discord"
2024-10-19T20:06:24.325Z 4: ✅ webContents.did-finish-load web1
2024-10-19T20:06:24.519Z 5: ✅ webContents.created web2 ""
2024-10-19T20:06:24.523Z 6: ✅ window.created win2 "Discord"
2024-10-19T20:06:25.925Z 7: ✅ webContents.did-finish-load web2
2024-10-19T20:06:26.025Z 8: window.close win1
2024-10-19T20:06:26.046Z 9: webContents.destroyed web1
2024-10-19T20:06:26.047Z 10: window.closed win1
2024-10-19T20:09:36.130Z 11: window.close win2
2024-10-19T20:14:39.532Z 12: before-quit
2024-10-20T06:18:47.092Z 0: 

----------------------------------------------
2024-10-20T06:18:47.107Z 1: Discord starting: {"releaseChannel":"stable","version":"0.0.71"}, modulepath: /home/astor/.config/discord/0.0.71/modules
2024-10-20T06:18:47.110Z 2: ✅ webContents.created web1 ""
2024-10-20T06:18:47.111Z 3: ✅ window.created win1 "discord"
2024-10-20T06:18:47.244Z 4: ✅ webContents.did-finish-load web1
2024-10-20T06:18:47.404Z 5: ✅ webContents.created web2 ""
2024-10-20T06:18:47.409Z 6: ✅ window.created win2 "Discord"
2024-10-20T06:18:48.590Z 7: ✅ webContents.did-finish-load web2
2024-10-20T06:18:48.691Z 8: window.close win1
2024-10-20T06:18:48.725Z 9: webContents.destroyed web1
2024-10-20T06:18:48.727Z 10: window.closed win1
2024-10-20T06:19:25.538Z 11: window.close win2
2024-10-20T06:30:36.202Z 0: 

----------------------------------------------
2024-10-20T06:33:35.144Z 12: window.close win2
2024-10-20T07:21:00.631Z 0: 

----------------------------------------------
2024-10-20T07:21:00.635Z 1: Discord starting: {"releaseChannel":"stable","version":"0.0.71"}, modulepath: /home/astor/.config/discord/0.0.71/modules
2024-10-20T07:21:06.895Z 13: window.close win2
2024-10-20T09:39:21.614Z 0: 

----------------------------------------------
2024-10-20T09:40:51.899Z 14: window.close win2
2024-10-20T09:49:54.027Z 0: 

----------------------------------------------
2024-10-20T09:49:54.033Z 1: Discord starting: {"releaseChannel":"stable","version":"0.0.71"}, modulepath: /home/astor/.config/discord/0.0.71/modules
2024-10-20T09:55:56.581Z 15: window.close win2
2024-10-20T10:01:20.389Z 0: 

----------------------------------------------
2024-10-20T10:02:31.787Z 16: window.close win2
2024-10-20T10:06:12.624Z 0: 

----------------------------------------------
2024-10-20T10:19:37.449Z 0: 

----------------------------------------------
2024-10-20T10:19:37.454Z 1: Discord starting: {"releaseChannel":"stable","version":"0.0.71"}, modulepath: /home/astor/.config/discord/0.0.71/modules
2024-10-20T10:37:30.626Z 17: window.close win2
2024-10-20T12:30:19.259Z 0: 

----------------------------------------------
2024-10-20T12:31:03.507Z 18: window.close win2
2024-10-20T13:06:49.215Z 19: before-quit
2024-10-20T13:06:49.224Z 20: window.close win2
2024-10-20T13:06:49.228Z 21: ❌ child-process-gone {
  type: 'Utility',
  reason: 'killed',
  exitCode: 15,
  serviceName: 'audio.mojom.AudioService',
  name: 'Audio Service'
}
2024-10-21T09:45:08.166Z 0: 

----------------------------------------------
2024-10-21T09:45:08.184Z 1: Discord starting: {"releaseChannel":"stable","version":"0.0.71"}, modulepath: /home/astor/.config/discord/0.0.71/modules
2024-10-21T09:45:08.188Z 2: ✅ webContents.created web1 ""
2024-10-21T09:45:08.193Z 3: ✅ window.created win1 "discord"
2024-10-21T09:45:08.315Z 4: ✅ webContents.did-finish-load web1
2024-10-21T09:45:08.511Z 5: ✅ webContents.created web2 ""
2024-10-21T09:45:08.516Z 6: ✅ window.created win2 "Discord"
2024-10-21T09:45:10.391Z 7: ✅ webContents.did-finish-load web2
2024-10-21T09:45:10.492Z 8: window.close win1
2024-10-21T09:45:10.527Z 9: webContents.destroyed web1
2024-10-21T09:45:10.532Z 10: window.closed win1
2024-10-21T11:24:07.021Z 11: window.close win2
2024-10-21T11:38:07.901Z 0: 

----------------------------------------------
2024-10-21T12:59:35.210Z 12: window.close win2
2024-10-21T14:08:28.717Z 0: 

----------------------------------------------
2024-10-21T19:11:18.091Z 13: window.close win2
2024-10-21T19:30:14.361Z 14: before-quit
2024-10-21T19:30:14.364Z 15: window.close win2
2024-10-22T05:42:09.986Z 0: 

----------------------------------------------
2024-10-22T05:42:10.008Z 1: Discord starting: {"releaseChannel":"stable","version":"0.0.71"}, modulepath: /home/astor/.config/discord/0.0.71/modules
2024-10-22T05:42:10.011Z 2: ✅ webContents.created web1 ""
2024-10-22T05:42:10.012Z 3: ✅ window.created win1 "discord"
2024-10-22T05:42:10.193Z 4: ✅ webContents.did-finish-load web1
2024-10-22T05:42:10.363Z 5: ✅ webContents.created web2 ""
2024-10-22T05:42:10.369Z 6: ✅ window.created win2 "Discord"
2024-10-22T05:42:10.820Z 7: window.close win1
2024-10-22T05:42:10.836Z 8: webContents.destroyed web1
2024-10-22T05:42:10.838Z 9: window.closed win1
2024-10-22T05:42:11.917Z 10: ✅ webContents.did-finish-load web2
2024-10-22T05:42:12.886Z 11: window.close win2
2024-10-22T05:49:37.157Z 0: 

----------------------------------------------
2024-10-22T05:49:37.161Z 1: Discord starting: {"releaseChannel":"stable","version":"0.0.71"}, modulepath: /home/astor/.config/discord/0.0.71/modules
2024-10-22T05:49:51.207Z 12: window.close win2
2024-10-22T07:52:34.890Z 0: 

----------------------------------------------
2024-10-22T07:57:06.212Z 0: 

----------------------------------------------
2024-10-22T07:57:06.215Z 1: Discord starting: {"releaseChannel":"stable","version":"0.0.71"}, modulepath: /home/astor/.config/discord/0.0.71/modules
2024-10-22T08:08:36.391Z 0: 

----------------------------------------------
2024-10-22T08:08:36.394Z 1: Discord starting: {"releaseChannel":"stable","version":"0.0.71"}, modulepath: /home/astor/.config/discord/0.0.71/modules
2024-10-22T08:08:46.407Z 13: window.close win2
2024-10-22T08:47:22.993Z 0: 

----------------------------------------------
2024-10-22T09:56:11.491Z 0: 

----------------------------------------------
2024-10-22T10:00:57.895Z 0: 

----------------------------------------------
2024-10-22T10:00:57.898Z 1: Discord starting: {"releaseChannel":"stable","version":"0.0.71"}, modulepath: /home/astor/.config/discord/0.0.71/modules
2024-10-22T10:28:36.054Z 14: window.close win2
2024-10-22T10:29:01.340Z 15: before-quit
2024-10-22T10:29:01.342Z 16: window.close win2
2024-10-22T10:31:08.190Z 0: 

----------------------------------------------
2024-10-22T10:31:08.215Z 1: Discord starting: {"releaseChannel":"stable","version":"0.0.71"}, modulepath: /home/astor/.config/discord/0.0.71/modules
2024-10-22T10:31:08.218Z 2: ✅ webContents.created web1 ""
2024-10-22T10:31:08.220Z 3: ✅ window.created win1 "discord"
2024-10-22T10:31:08.343Z 4: ✅ webContents.did-finish-load web1
2024-10-22T10:31:08.523Z 5: ✅ webContents.created web2 ""
2024-10-22T10:31:08.528Z 6: ✅ window.created win2 "Discord"
2024-10-22T10:31:09.929Z 7: ✅ webContents.did-finish-load web2
2024-10-22T10:31:10.030Z 8: window.close win1
2024-10-22T10:31:10.051Z 9: webContents.destroyed web1
2024-10-22T10:31:10.053Z 10: window.closed win1
2024-10-22T10:31:12.445Z 11: window.close win2
2024-10-22T10:34:12.775Z 12: before-quit
2024-10-22T10:34:12.779Z 13: window.close win2
2024-10-22T10:35:51.434Z 0: 

----------------------------------------------
2024-10-22T10:35:51.441Z 1: Discord starting: {"releaseChannel":"stable","version":"0.0.71"}, modulepath: /home/astor/.config/discord/0.0.71/modules
2024-10-22T10:35:51.442Z 2: ✅ webContents.created web1 ""
2024-10-22T10:35:51.444Z 3: ✅ window.created win1 "discord"
2024-10-22T10:35:51.582Z 4: ✅ webContents.did-finish-load web1
2024-10-22T10:35:51.778Z 5: ✅ webContents.created web2 ""
2024-10-22T10:35:51.784Z 6: ✅ window.created win2 "Discord"
2024-10-22T10:35:52.957Z 7: ✅ webContents.did-finish-load web2
2024-10-22T10:35:53.057Z 8: window.close win1
2024-10-22T10:35:53.081Z 9: webContents.destroyed web1
2024-10-22T10:35:53.083Z 10: window.closed win1
2024-10-22T15:54:24.881Z 11: window.close win2
2024-10-22T16:00:14.326Z 0: 

----------------------------------------------
2024-10-22T16:01:01.104Z 12: window.close win2
2024-10-22T16:35:53.583Z 0: 

----------------------------------------------
2024-10-22T16:35:57.585Z 13: window.close win2
2024-10-22T16:35:58.820Z 0: 

----------------------------------------------
2024-10-22T16:35:59.515Z 14: window.close win2
2024-10-22T16:45:04.467Z 0: 

----------------------------------------------
2024-10-22T16:47:55.655Z 15: window.close win2
2024-10-22T16:54:50.898Z 0: 

----------------------------------------------
2024-10-22T17:38:19.115Z 0: 

----------------------------------------------
2024-10-22T17:38:19.119Z 1: Discord starting: {"releaseChannel":"stable","version":"0.0.71"}, modulepath: /home/astor/.config/discord/0.0.71/modules
2024-10-22T17:38:21.076Z 0: 

----------------------------------------------
2024-10-22T17:38:21.080Z 1: Discord starting: {"releaseChannel":"stable","version":"0.0.71"}, modulepath: /home/astor/.config/discord/0.0.71/modules
2024-10-22T17:58:30.001Z 0: 

----------------------------------------------
2024-10-22T18:00:15.779Z 16: window.close win2
2024-10-22T19:13:45.358Z 17: before-quit
2024-10-22T19:13:45.360Z 18: window.close win2
2024-10-23T06:09:57.358Z 0: 

----------------------------------------------
2024-10-23T06:09:57.364Z 1: Discord starting: {"releaseChannel":"stable","version":"0.0.71"}, modulepath: /home/astor/.config/discord/0.0.71/modules
2024-10-23T06:09:57.367Z 2: ✅ webContents.created web1 ""
2024-10-23T06:09:57.369Z 3: ✅ window.created win1 "discord"
2024-10-23T06:09:57.480Z 4: ✅ webContents.did-finish-load web1
2024-10-23T06:09:57.733Z 5: ✅ webContents.created web2 ""
2024-10-23T06:09:57.739Z 6: ✅ window.created win2 "Discord"
2024-10-23T06:09:59.154Z 7: ✅ webContents.did-finish-load web2
2024-10-23T06:09:59.254Z 8: window.close win1
2024-10-23T06:09:59.290Z 9: webContents.destroyed web1
2024-10-23T06:09:59.291Z 10: window.closed win1
2024-10-23T06:12:42.827Z 11: window.close win2
2024-10-23T06:14:24.868Z 0: 

----------------------------------------------
2024-10-23T06:14:32.525Z 12: window.close win2
2024-10-23T06:18:05.796Z 0: 

----------------------------------------------
2024-10-23T06:18:06.431Z 13: window.close win2
2024-10-23T06:23:54.394Z 0: 

----------------------------------------------
2024-10-23T06:23:54.397Z 1: Discord starting: {"releaseChannel":"stable","version":"0.0.71"}, modulepath: /home/astor/.config/discord/0.0.71/modules
2024-10-23T06:24:01.232Z 14: window.close win2
2024-10-23T06:24:08.523Z 15: before-quit
2024-10-23T06:24:08.525Z 16: window.close win2
2024-10-23T06:35:35.683Z 0: 

----------------------------------------------
2024-10-23T06:35:35.697Z 1: Discord starting: {"releaseChannel":"stable","version":"0.0.71"}, modulepath: /home/astor/.config/discord/0.0.71/modules
2024-10-23T06:35:35.700Z 2: ✅ webContents.created web1 ""
2024-10-23T06:35:35.702Z 3: ✅ window.created win1 "discord"
2024-10-23T06:35:35.832Z 4: ✅ webContents.did-finish-load web1
2024-10-23T06:35:36.012Z 5: ✅ webContents.created web2 ""
2024-10-23T06:35:36.018Z 6: ✅ window.created win2 "Discord"
2024-10-23T06:35:37.438Z 7: ✅ webContents.did-finish-load web2
2024-10-23T06:35:37.539Z 8: window.close win1
2024-10-23T06:35:37.560Z 9: webContents.destroyed web1
2024-10-23T06:35:37.561Z 10: window.closed win1
2024-10-23T06:41:37.690Z 0: 

----------------------------------------------
2024-10-23T06:41:37.694Z 1: Discord starting: {"releaseChannel":"stable","version":"0.0.71"}, modulepath: /home/astor/.config/discord/0.0.71/modules
2024-10-23T06:43:07.499Z 11: before-quit
2024-10-23T06:43:07.502Z 12: window.close win2
2024-10-23T06:44:12.758Z 0: 

----------------------------------------------
2024-10-23T06:44:12.776Z 1: Discord starting: {"releaseChannel":"stable","version":"0.0.71"}, modulepath: /home/astor/.config/discord/0.0.71/modules
2024-10-23T06:44:12.779Z 2: ✅ webContents.created web1 ""
2024-10-23T06:44:12.780Z 3: ✅ window.created win1 "discord"
2024-10-23T06:44:12.894Z 4: ✅ webContents.did-finish-load web1
2024-10-23T06:44:13.083Z 5: ✅ webContents.created web2 ""
2024-10-23T06:44:13.089Z 6: ✅ window.created win2 "Discord"
2024-10-23T06:44:14.253Z 7: ✅ webContents.did-finish-load web2
2024-10-23T06:44:14.354Z 8: window.close win1
2024-10-23T06:44:14.377Z 9: webContents.destroyed web1
2024-10-23T06:44:14.379Z 10: window.closed win1
2024-10-23T06:44:19.856Z 11: window.close win2
2024-10-23T06:44:23.571Z 12: before-quit
2024-10-23T06:45:09.123Z 0: 

----------------------------------------------
2024-10-23T06:45:09.129Z 1: Discord starting: {"releaseChannel":"stable","version":"0.0.71"}, modulepath: /home/astor/.config/discord/0.0.71/modules
2024-10-23T06:45:09.131Z 2: ✅ webContents.created web1 ""
2024-10-23T06:45:09.133Z 3: ✅ window.created win1 "discord"
2024-10-23T06:45:09.266Z 4: ✅ webContents.did-finish-load web1
2024-10-23T06:45:09.429Z 5: ✅ webContents.created web2 ""
2024-10-23T06:45:09.436Z 6: ✅ window.created win2 "Discord"
2024-10-23T06:45:10.589Z 7: ✅ webContents.did-finish-load web2
2024-10-23T06:45:10.688Z 8: window.close win1
2024-10-23T06:45:10.719Z 9: webContents.destroyed web1
2024-10-23T06:45:10.720Z 10: window.closed win1
2024-10-23T06:46:01.157Z 11: window.close win2
2024-10-23T06:46:26.508Z 0: 

----------------------------------------------
2024-10-23T06:46:34.179Z 12: window.close win2
2024-10-23T06:46:36.160Z 0: 

----------------------------------------------
2024-10-23T06:46:36.411Z 13: window.close win2
2024-10-23T06:46:38.124Z 0: 

----------------------------------------------
2024-10-23T06:46:38.127Z 1: Discord starting: {"releaseChannel":"stable","version":"0.0.71"}, modulepath: /home/astor/.config/discord/0.0.71/modules
2024-10-23T06:48:43.900Z 0: 

----------------------------------------------
2024-10-23T06:48:43.903Z 1: Discord starting: {"releaseChannel":"stable","version":"0.0.71"}, modulepath: /home/astor/.config/discord/0.0.71/modules
2024-10-23T06:48:45.736Z 14: window.close win2
2024-10-23T08:56:22.296Z 15: before-quit
2024-10-23T08:56:22.298Z 16: window.close win2
