[2024-Oct-19 09:15:20.320 +02:00][ 3290: 3290][info ] Logging initialized
[2024-Oct-19 09:15:20.320 +02:00][ 3290: 3290][info ] Initializing krisp SDK...
[2024-Oct-19 09:15:20.320 +02:00][ 3290: 3290][info ] DoKrispInitialize
[2024-Oct-19 09:15:20.548 +02:00][ 3290: 3290][warning] Application not signed by Discord, Krisp is not enabled
[2024-Oct-19 09:15:20.548 +02:00][ 3290: 3290][warning] Failed to setup Krisp module, error code: -3
[2024-Oct-19 09:15:20.548 +02:00][ 3290: 3290][info ] Krisp SDK initialized
[2024-Oct-19 22:02:11.091 +02:00][ 3414: 3414][info ] Logging initialized
[2024-Oct-19 22:02:11.091 +02:00][ 3414: 3414][info ] Initializing krisp SDK...
[2024-Oct-19 22:02:11.091 +02:00][ 3414: 3414][info ] DoKrispInitialize
[2024-Oct-19 22:02:11.338 +02:00][ 3414: 3414][warning] Application not signed by Discord, Krisp is not enabled
[2024-Oct-19 22:02:11.338 +02:00][ 3414: 3414][warning] Failed to setup Krisp module, error code: -3
[2024-Oct-19 22:02:11.338 +02:00][ 3414: 3414][info ] Krisp SDK initialized
[2024-Oct-19 22:06:25.583 +02:00][ 3879: 3879][info ] Logging initialized
[2024-Oct-19 22:06:25.583 +02:00][ 3879: 3879][info ] Initializing krisp SDK...
[2024-Oct-19 22:06:25.583 +02:00][ 3879: 3879][info ] DoKrispInitialize
[2024-Oct-19 22:06:25.818 +02:00][ 3879: 3879][warning] Application not signed by Discord, Krisp is not enabled
[2024-Oct-19 22:06:25.818 +02:00][ 3879: 3879][warning] Failed to setup Krisp module, error code: -3
[2024-Oct-19 22:06:25.818 +02:00][ 3879: 3879][info ] Krisp SDK initialized
[2024-Oct-20 08:18:48.085 +02:00][ 3725: 3725][info ] Logging initialized
[2024-Oct-20 08:18:48.085 +02:00][ 3725: 3725][info ] Initializing krisp SDK...
[2024-Oct-20 08:18:48.085 +02:00][ 3725: 3725][info ] DoKrispInitialize
[2024-Oct-20 08:18:48.320 +02:00][ 3725: 3725][warning] Application not signed by Discord, Krisp is not enabled
[2024-Oct-20 08:18:48.320 +02:00][ 3725: 3725][warning] Failed to setup Krisp module, error code: -3
[2024-Oct-20 08:18:48.320 +02:00][ 3725: 3725][info ] Krisp SDK initialized
[2024-Oct-21 11:45:09.772 +02:00][ 7202: 7202][info ] Logging initialized
[2024-Oct-21 11:45:09.772 +02:00][ 7202: 7202][info ] Initializing krisp SDK...
[2024-Oct-21 11:45:09.772 +02:00][ 7202: 7202][info ] DoKrispInitialize
[2024-Oct-21 11:45:10.008 +02:00][ 7202: 7202][warning] Application not signed by Discord, Krisp is not enabled
[2024-Oct-21 11:45:10.008 +02:00][ 7202: 7202][warning] Failed to setup Krisp module, error code: -3
[2024-Oct-21 11:45:10.008 +02:00][ 7202: 7202][info ] Krisp SDK initialized
[2024-Oct-22 07:42:11.566 +02:00][ 3441: 3441][info ] Logging initialized
[2024-Oct-22 07:42:11.566 +02:00][ 3441: 3441][info ] Initializing krisp SDK...
[2024-Oct-22 07:42:11.566 +02:00][ 3441: 3441][info ] DoKrispInitialize
[2024-Oct-22 07:42:11.800 +02:00][ 3441: 3441][warning] Application not signed by Discord, Krisp is not enabled
[2024-Oct-22 07:42:11.800 +02:00][ 3441: 3441][warning] Failed to setup Krisp module, error code: -3
[2024-Oct-22 07:42:11.800 +02:00][ 3441: 3441][info ] Krisp SDK initialized
[2024-Oct-22 12:31:09.602 +02:00][ 3840: 3840][info ] Logging initialized
[2024-Oct-22 12:31:09.602 +02:00][ 3840: 3840][info ] Initializing krisp SDK...
[2024-Oct-22 12:31:09.602 +02:00][ 3840: 3840][info ] DoKrispInitialize
[2024-Oct-22 12:31:09.833 +02:00][ 3840: 3840][warning] Application not signed by Discord, Krisp is not enabled
[2024-Oct-22 12:31:09.833 +02:00][ 3840: 3840][warning] Failed to setup Krisp module, error code: -3
[2024-Oct-22 12:31:09.833 +02:00][ 3840: 3840][info ] Krisp SDK initialized
[2024-Oct-22 12:35:52.495 +02:00][ 5611: 5611][info ] Logging initialized
[2024-Oct-22 12:35:52.495 +02:00][ 5611: 5611][info ] Initializing krisp SDK...
[2024-Oct-22 12:35:52.495 +02:00][ 5611: 5611][info ] DoKrispInitialize
[2024-Oct-22 12:35:52.726 +02:00][ 5611: 5611][warning] Application not signed by Discord, Krisp is not enabled
[2024-Oct-22 12:35:52.726 +02:00][ 5611: 5611][warning] Failed to setup Krisp module, error code: -3
[2024-Oct-22 12:35:52.726 +02:00][ 5611: 5611][info ] Krisp SDK initialized
[2024-Oct-23 08:09:58.815 +02:00][11760:11760][info ] Logging initialized
[2024-Oct-23 08:09:58.816 +02:00][11760:11760][info ] Initializing krisp SDK...
[2024-Oct-23 08:09:58.816 +02:00][11760:11760][info ] DoKrispInitialize
[2024-Oct-23 08:09:59.047 +02:00][11760:11760][warning] Application not signed by Discord, Krisp is not enabled
[2024-Oct-23 08:09:59.047 +02:00][11760:11760][warning] Failed to setup Krisp module, error code: -3
[2024-Oct-23 08:09:59.047 +02:00][11760:11760][info ] Krisp SDK initialized
[2024-Oct-23 08:35:37.099 +02:00][ 4899: 4899][info ] Logging initialized
[2024-Oct-23 08:35:37.099 +02:00][ 4899: 4899][info ] Initializing krisp SDK...
[2024-Oct-23 08:35:37.099 +02:00][ 4899: 4899][info ] DoKrispInitialize
[2024-Oct-23 08:35:37.330 +02:00][ 4899: 4899][warning] Application not signed by Discord, Krisp is not enabled
[2024-Oct-23 08:35:37.330 +02:00][ 4899: 4899][warning] Failed to setup Krisp module, error code: -3
[2024-Oct-23 08:35:37.330 +02:00][ 4899: 4899][info ] Krisp SDK initialized
[2024-Oct-23 08:45:10.124 +02:00][ 3557: 3557][info ] Logging initialized
[2024-Oct-23 08:45:10.124 +02:00][ 3557: 3557][info ] Initializing krisp SDK...
[2024-Oct-23 08:45:10.124 +02:00][ 3557: 3557][info ] DoKrispInitialize
[2024-Oct-23 08:45:10.357 +02:00][ 3557: 3557][warning] Application not signed by Discord, Krisp is not enabled
[2024-Oct-23 08:45:10.357 +02:00][ 3557: 3557][warning] Failed to setup Krisp module, error code: -3
[2024-Oct-23 08:45:10.357 +02:00][ 3557: 3557][info ] Krisp SDK initialized
